<?xml version="1.0" encoding="UTF-8"?>
<Site BuildName="(empty)"
	BuildStamp="20240203-1344-Experimental"
	Name="(empty)"
	Generator="ctest-3.25.1"
	CompilerName=""
	CompilerVersion=""
	OSName="Linux"
	Hostname="wenheng-PC"
	OSRelease="5.15.77-amd64-desktop"
	OSVersion="#1 SMP Tue Dec 26 08:20:13 UTC 2023"
	OSPlatform="x86_64"
	Is64Bits="1"
	VendorString="GenuineIntel"
	VendorID="Intel Corporation"
	FamilyID="6"
	ModelID="165"
	ProcessorCacheSize="12288"
	NumberOfLogicalCPU="12"
	NumberOfPhysicalCPU="6"
	TotalVirtualMemory="16250"
	TotalPhysicalMemory="15870"
	LogicalProcessorsPerPhysical="2"
	ProcessorClockFrequency="2600"
	>
	<Testing>
		<StartDateTime>Feb 03 21:47 CST</StartDateTime>
		<StartTestTime>1706968030</StartTestTime>
		<TestList/>
		<EndDateTime>Feb 03 21:47 CST</EndDateTime>
		<EndTestTime>1706968030</EndTestTime>
		<ElapsedMinutes>0</ElapsedMinutes>
	</Testing>
</Site>
