<?xml version="1.0" encoding="UTF-8"?>
<Site BuildName="(empty)"
	BuildStamp="20240121-0222-Experimental"
	Name="(empty)"
	Generator="ctest-3.25.1"
	CompilerName=""
	CompilerVersion=""
	OSName="Linux"
	Hostname="wenheng-PC"
	OSRelease="5.15.45-amd64-desktop"
	OSVersion="#1 SMP Tue Jun 21 10:10:45 UTC 2022"
	OSPlatform="x86_64"
	Is64Bits="1"
	VendorString="GenuineIntel"
	VendorID="Intel Corporation"
	FamilyID="6"
	ModelID="165"
	ProcessorCacheSize="12288"
	NumberOfLogicalCPU="12"
	NumberOfPhysicalCPU="6"
	TotalVirtualMemory="16250"
	TotalPhysicalMemory="15870"
	LogicalProcessorsPerPhysical="2"
	ProcessorClockFrequency="2600"
	>
	<Testing>
		<StartDateTime>Jan 21 10:22 CST</StartDateTime>
		<StartTestTime>1705803735</StartTestTime>
		<TestList/>
		<EndDateTime>Jan 21 10:22 CST</EndDateTime>
		<EndTestTime>1705803735</EndTestTime>
		<ElapsedMinutes>0</ElapsedMinutes>
	</Testing>
</Site>
